[INFO] Scanning for projects...
[INFO] 
[INFO] ----------------------< com.example:disastermgmt >----------------------
[INFO] Building disastermgmt 0.0.1-SNAPSHOT
[INFO]   from pom.xml
[INFO] --------------------------------[ jar ]---------------------------------
[INFO] 
[INFO] --- clean:3.3.2:clean (default-clean) @ disastermgmt ---
[INFO] Deleting C:\Users\vinay\Downloads\disastermgmt\disastermgmt\target
[INFO] 
[INFO] --- resources:3.3.1:resources (default-resources) @ disastermgmt ---
[INFO] Copying 1 resource from src\main\resources to target\classes
[INFO] Copying 0 resource from src\main\resources to target\classes
[INFO] 
[INFO] --- compiler:3.11.0:compile (default-compile) @ disastermgmt ---
[INFO] Changes detected - recompiling the module! :source
[INFO] Compiling 16 source files with javac [debug release 17] to target\classes
[INFO] 
[INFO] --- resources:3.3.1:testResources (default-testResources) @ disastermgmt ---
[INFO] skip non existing resourceDirectory C:\Users\vinay\Downloads\disastermgmt\disastermgmt\src\test\resources
[INFO] 
[INFO] --- compiler:3.11.0:testCompile (default-testCompile) @ disastermgmt ---
[INFO] Changes detected - recompiling the module! :dependency
[INFO] Compiling 1 source file with javac [debug release 17] to target\test-classes
[INFO] 
[INFO] --- surefire:3.1.2:test (default-test) @ disastermgmt ---
[INFO] Tests are skipped.
[INFO] 
[INFO] --- jar:3.3.0:jar (default-jar) @ disastermgmt ---
[INFO] Building jar: C:\Users\vinay\Downloads\disastermgmt\disastermgmt\target\disastermgmt-0.0.1-SNAPSHOT.jar
[INFO] 
[INFO] --- spring-boot:3.2.2:repackage (repackage) @ disastermgmt ---
[INFO] Replacing main artifact C:\Users\vinay\Downloads\disastermgmt\disastermgmt\target\disastermgmt-0.0.1-SNAPSHOT.jar with repackaged archive, adding nested dependencies in BOOT-INF/.
[INFO] The original artifact has been renamed to C:\Users\vinay\Downloads\disastermgmt\disastermgmt\target\disastermgmt-0.0.1-SNAPSHOT.jar.original
[INFO] ------------------------------------------------------------------------
[INFO] BUILD SUCCESS
[INFO] ------------------------------------------------------------------------
[INFO] Total time:  5.964 s
[INFO] Finished at: 2026-02-10T23:19:57+05:30
[INFO] ------------------------------------------------------------------------
